make all --print-data-base --no-builtin-variables --no-builtin-rules --question
# GNU Make 4.3
# Built for x86_64-pc-linux-gnu
# Copyright (C) 1988-2020 Free Software Foundation, Inc.
# License GPLv3+: GNU GPL version 3 or later <http://gnu.org/licenses/gpl.html>
# This is free software: you are free to change and redistribute it.
# There is NO WARRANTY, to the extent permitted by law.

# Make data base, printed on Fri Sep  3 22:08:13 2021

# Variables

# environment
GDK_BACKEND = x11
# makefile (from 'Makefile', line 18)
OUTPUT := output
# environment
LC_ALL = C
# environment
NO_AT_BRIDGE = 1
# makefile (from 'Makefile', line 21)
SRC := src
# environment
GJS_DEBUG_OUTPUT = stderr
# makefile (from 'Makefile', line 44)
MD := mkdir -p
# environment
VSCODE_IPC_HOOK_EXTHOST = /run/user/1000/vscode-ipc-ea9fdfc9-166b-475d-8a4f-c584252fc56d.sock
# environment
LC_NAME = ru_RU.UTF-8
# environment
LC_NUMERIC = ru_RU.UTF-8
# environment
VSCODE_CWD = /home/mech
# environment
WINDOWPATH = 2
# makefile (from 'Makefile', line 51)
LIBS := -Llib
# environment
LC_ADDRESS = ru_RU.UTF-8
# environment
GDM_LANG = en_US.UTF-8
# default
MAKE_COMMAND := make
# environment
GTK3_MODULES = xapp-gtk3-module
# automatic
@D = $(patsubst %/,%,$(dir $@))
# environment
VSCODE_BROWSER_CODE_LOADING = bypassHeatCheck
# environment
VSCODE_HANDLES_UNCAUGHT_ERRORS = true
# default
.VARIABLES := 
# environment
PWD = /home/mech/projects/cadexcharnger/Task_1_curve
# automatic
%D = $(patsubst %/,%,$(dir $%))
# environment
LSCOLORS = Gxfxcxdxbxegedabagacad
# environment
MAIL = /var/spool/mail/mech
# environment
XDG_DATA_DIRS = /home/mech/.local/share/flatpak/exports/share:/var/lib/flatpak/exports/share:/usr/local/share/:/usr/share/:/var/lib/snapd/desktop
# environment
OLDPWD = /home/mech
# automatic
^D = $(patsubst %/,%,$(dir $^))
# environment
VSCODE_LOG_STACK = false
# automatic
%F = $(notdir $%)
# environment
VSCODE_CODE_CACHE_PATH = /home/mech/.config/Code/CachedData/3866c3553be8b268c8a7f8c0482c0c0177aa8bfa
# environment
LANG = C
# environment
XAUTHORITY = /run/user/1000/gdm/Xauthority
# default
.LOADED := 
# default
.INCLUDE_DIRS = /usr/include /usr/local/include /usr/include
# makefile
MAKEFLAGS = pqrR
# makefile
CURDIR := /home/mech/projects/cadexcharnger/Task_1_curve
# environment
VSCODE_PIPE_LOGGING = true
# environment
APPLICATION_INSIGHTS_NO_DIAGNOSTIC_CHANNEL = true
# automatic
*D = $(patsubst %/,%,$(dir $*))
# environment
MFLAGS = -pqrR
# environment
SSH_AUTH_SOCK = /run/user/1000/keyring/ssh
# default
.SHELLFLAGS := -c
# makefile (from 'Makefile', line 65)
OUTPUTMAIN := output/main
# automatic
+D = $(patsubst %/,%,$(dir $+))
# environment
P9K_SSH = 0
# environment
XDG_SESSION_DESKTOP = gnome
# environment
VSCODE_CRASH_REPORTER_START_OPTIONS = {"companyName":"Microsoft","productName":"VSCode","submitURL":"appcenter://code?aid=fba07a4d-84bd-4fc8-a125-9640fc8ce171&uid=1c7ef49e-79ba-4799-b5b9-a9fad5090243&iid=1c7ef49e-79ba-4799-b5b9-a9fad5090243&sid=1c7ef49e-79ba-4799-b5b9-a9fad5090243","uploadToServer":true}
# makefile (from 'Makefile', line 1)
MAKEFILE_LIST := Makefile
# automatic
@F = $(notdir $@)
# environment
ZSH = /home/mech/.oh-my-zsh
# environment
VSCODE_VERBOSE_LOGGING = true
# environment
VSCODE_PID = 122911
# environment
MOZ_ENABLE_WAYLAND = 1
# environment
XDG_SESSION_TYPE = x11
# automatic
?D = $(patsubst %/,%,$(dir $?))
# makefile (from 'Makefile', line 48)
INCLUDES := -Iinclude
# environment
SESSION_MANAGER = local/mechpc:@/tmp/.ICE-unix/4721,unix/mechpc:/tmp/.ICE-unix/4721
# automatic
*F = $(notdir $*)
# environment
QT_QPA_PLATFORMTHEME = gnome
# environment
CHROME_DESKTOP = code-url-handler.desktop
# environment
DBUS_SESSION_BUS_ADDRESS = unix:path=/run/user/1000/bus
# makefile (from 'Makefile', line 27)
LIB := lib
# automatic
<D = $(patsubst %/,%,$(dir $<))
# environment
VSCODE_NLS_CONFIG = {"locale":"en-us","availableLanguages":{},"_languagePackSupport":true}
# makefile (from 'Makefile', line 24)
INCLUDE := include
# environment
BREAKPAD_DUMP_LOCATION = /home/mech/.config/Code/exthost Crash Reports
# default
MAKE_HOST := x86_64-pc-linux-gnu
# makefile
SHELL = /bin/sh
# default
MAKECMDGOALS := all
# environment
XMODIFIERS = @im=ibus
# environment
DOTNET_BUNDLE_EXTRACT_BASE_DIR = /home/mech/.cache/dotnet_bundle_extract
# environment
GJS_DEBUG_TOPICS = JS ERROR;JS LOG
# environment
SHLVL = 0
# environment
MAKELEVEL := 0
# default
MAKE = $(MAKE_COMMAND)
# environment
PATH = /home/mech/.local/bin:/home/mech/.local/bin:/usr/local/bin:/usr/bin:/var/lib/snapd/snap/bin:/usr/local/sbin:/home/mech/.dotnet/tools:/var/lib/flatpak/exports/bin:/usr/lib/jvm/default/bin:/usr/bin/site_perl:/usr/bin/vendor_perl:/usr/bin/core_perl:/usr/lib/jvm/default/bin
# default
MAKEFILES := 
# environment
LC_MONETARY = ru_RU.UTF-8
# environment
MOTD_SHOWN = pam
# automatic
^F = $(notdir $^)
# environment
LC_TIME = ru_RU.UTF-8
# makefile (from 'Makefile', line 38)
MAIN := main
# environment
INVOCATION_ID = d46bf7289dc94921af8844618ee45769
# makefile (from 'Makefile', line 41)
LIBDIRS := lib
# environment
VSCODE_LOG_NATIVE = false
# environment
USERNAME = mech
# environment
LC_TELEPHONE = ru_RU.UTF-8
# automatic
?F = $(notdir $?)
# makefile (from 'Makefile', line 40)
INCLUDEDIRS := include
# environment
XDG_CURRENT_DESKTOP = GNOME
# environment
LS_COLORS = 
# automatic
+F = $(notdir $+)
# environment
LESS = -R
# environment
DESKTOP_SESSION = gnome
# environment
ORIGINAL_XDG_CURRENT_DESKTOP = GNOME
# makefile (from 'Makefile', line 57)
OBJECTS := src/main.o
# 'override' directive
GNUMAKEFLAGS := 
# environment
LOGNAME = mech
# environment
GIO_LAUNCHED_DESKTOP_FILE = /usr/share/applications/visual-studio-code.desktop
# makefile
.DEFAULT_GOAL := all
# environment
SYSTEMD_EXEC_PID = 4737
# makefile (from 'Makefile', line 43)
RM = rm -f
# environment
EDITOR = /usr/bin/nano
# environment
DISPLAY = :1
# environment
USER = mech
# default
MAKE_VERSION := 4.3
# 'override' directive
.SHELLSTATUS := 0
# makefile (from 'Makefile', line 42)
FIXPATH = $1
# environment
MANAGERPID = 4645
# environment
LC_MEASUREMENT = ru_RU.UTF-8
# environment
GIO_LAUNCHED_DESKTOP_FILE_PID = 122911
# makefile (from 'Makefile', line 39)
SOURCEDIRS := src
# environment
QT_STYLE_OVERRIDE = kvantum
# environment
PAGER = less
# environment
_ = /usr/bin/make
# environment
LC_PAPER = ru_RU.UTF-8
# environment
XDG_RUNTIME_DIR = /run/user/1000
# environment
JOURNAL_STREAM = 8:38180
# environment
XDG_SESSION_CLASS = user
# environment
VSCODE_AMD_ENTRYPOINT = vs/workbench/services/extensions/node/extensionHostProcess
# environment
HOME = /home/mech
# environment
QT_IM_MODULE = ibus
# environment
ELECTRON_RUN_AS_NODE = 1
# environment
VSCODE_IPC_HOOK = /run/user/1000/vscode-3a5098d6-1.59.1-main.sock
# default
.RECIPEPREFIX := 
# automatic
<F = $(notdir $<)
# default
SUFFIXES := 
# environment
QT_AUTO_SCREEN_SCALE_FACTOR = 1
# makefile (from 'Makefile', line 10)
CXXFLAGS := -std=c++17 -Wall -Wextra -O2
# default
.FEATURES := target-specific order-only second-expansion else-if shortest-stem undefine oneshell nocomment grouped-target extra-prereqs archives jobserver output-sync check-symlink guile load
# makefile (from 'Makefile', line 7)
CXX = g++
# makefile (from 'Makefile', line 15)
LFLAGS = 
# makefile (from 'Makefile', line 54)
SOURCES := src/main.cpp
# environment
XDG_MENU_PREFIX = gnome-
# environment
DOTNET_ROOT = /usr/share/dotnet
# environment
GDMSESSION = gnome
# environment
LC_IDENTIFICATION = ru_RU.UTF-8
# variable set hash-table stats:
 
# Load=138/1024=13%, Rehash=0, Collisions=21/206=10%

# Pattern-specific Variable Values

# No pattern-specific variable values.

# Directories

# src (device 65024, inode 5513258): 4 files, no impossibilities.
# . (device 65024, inode 5513218): 13 files, no impossibilities.

# 17 files, no impossibilities in 2 directories.

# Implicit Rules

# No implicit rules.

# Files

# Not a target:
Makefile:
#  Implicit rule search has been done.
#  Last modified 2021-09-03 22:08:10.264779774
#  File has been updated.
#  Successfully updated.

clean:
#  Phony target (prerequisite of .PHONY).
#  Implicit rule search has not been done.
#  File does not exist.
#  File has not been updated.
#  recipe to execute (from 'Makefile', line 85):
	$(RM) $(OUTPUTMAIN)
	$(RM) $(call FIXPATH,$(OBJECTS))
	@echo Cleanup complete!

.cpp.o:
#  Implicit rule search has not been done.
#  Modification time never checked.
#  File has not been updated.
#  recipe to execute (from 'Makefile', line 81):
	$(CXX) $(CXXFLAGS) $(INCLUDES) -c $<  -o $@

# Not a target:
src/main.o:
#  Implicit rule search has been done.
#  Last modified 2021-09-03 22:07:46.021159571
#  File has been updated.
#  Successfully updated.

# Not a target:
.DEFAULT:
#  Implicit rule search has not been done.
#  Modification time never checked.
#  File has not been updated.

output:
#  Implicit rule search has not been done.
#  Last modified 2021-09-03 22:08:10.388114584
#  File has been updated.
#  Successfully updated.
#  recipe to execute (from 'Makefile', line 71):
	$(MD) $(OUTPUT)

all: output main
#  Command line target.
#  Implicit rule search has not been done.
#  File does not exist.
#  File has been updated.
#  Needs to be updated (-q is set).
# variable set hash-table stats:
# Load=0/32=0%, Rehash=0, Collisions=0/10=0%
#  recipe to execute (from 'Makefile', line 68):
	@echo Executing 'all' complete!

run: all
#  Implicit rule search has not been done.
#  Modification time never checked.
#  File has not been updated.
#  recipe to execute (from 'Makefile', line 90):
	./$(OUTPUTMAIN)
	@echo Executing 'run: all' complete!

main: src/main.o
#  Implicit rule search has not been done.
#  Implicit/static pattern stem: ''
#  File does not exist.
#  File has been updated.
#  Needs to be updated (-q is set).
# automatic
# @ := main
# automatic
# * := 
# automatic
# < := src/main.o
# automatic
# + := src/main.o
# automatic
# % := 
# automatic
# ^ := src/main.o
# automatic
# ? := src/main.o
# automatic
# | := 
# variable set hash-table stats:
# Load=8/32=25%, Rehash=0, Collisions=4/18=22%
#  recipe to execute (from 'Makefile', line 74):
	$(CXX) $(CXXFLAGS) $(INCLUDES) -o $(OUTPUTMAIN) $(OBJECTS) $(LFLAGS) $(LIBS)

# Not a target:
.SUFFIXES:
#  Implicit rule search has not been done.
#  Modification time never checked.
#  File has not been updated.

.PHONY: clean
#  Implicit rule search has not been done.
#  Modification time never checked.
#  File has not been updated.

# files hash-table stats:
# Load=11/1024=1%, Rehash=0, Collisions=0/31=0%
# VPATH Search Paths

# No 'vpath' search paths.

# No general ('VPATH' variable) search path.

# strcache buffers: 1 (0) / strings = 26 / storage = 199 B / avg = 7 B
# current buf: size = 8162 B / used = 199 B / count = 26 / avg = 7 B

# strcache performance: lookups = 47 / hit rate = 44%
# hash-table stats:
# Load=26/8192=0%, Rehash=0, Collisions=0/47=0%
# Finished Make data base on Fri Sep  3 22:08:13 2021

 
